code-creation,Stub,2,0xd20a000,271,"CEntryStub"
code-creation,Stub,2,0xd20a120,97,"StoreBufferOverflowStub"
code-creation,Stub,2,0xd20a1a0,197,"StoreBufferOverflowStub"
code-creation,Stub,2,0xd20a280,351,"CEntryStub"
code-creation,Stub,2,0xd20a3e0,79,"StubFailureTrampolineStub"
code-creation,Stub,2,0xd20a440,80,"StubFailureTrampolineStub"
code-creation,Stub,2,0xd20a4a0,273,"ArrayNoArgumentConstructorStub_FAST_SMI_ELEMENTS"
code-creation,Stub,2,0xd20a5c0,249,"ArrayNoArgumentConstructorStub_FAST_SMI_ELEMENTS_DISABLE_ALLOCATION_SITES"
code-creation,Stub,2,0xd20a6c0,285,"ArrayNoArgumentConstructorStub_FAST_HOLEY_SMI_ELEMENTS"
code-creation,Stub,2,0xd20a7e0,261,"ArrayNoArgumentConstructorStub_FAST_HOLEY_SMI_ELEMENTS_DISABLE_ALLOCATION_SITES"
code-creation,Stub,2,0xd20a900,293,"ArrayNoArgumentConstructorStub_FAST_DOUBLE_ELEMENTS"
code-creation,Stub,2,0xd20aa40,293,"ArrayNoArgumentConstructorStub_FAST_HOLEY_DOUBLE_ELEMENTS"
code-creation,Stub,2,0xd20ab80,261,"ArrayNoArgumentConstructorStub_FAST_ELEMENTS"
code-creation,Stub,2,0xd20aca0,261,"ArrayNoArgumentConstructorStub_FAST_HOLEY_ELEMENTS"
code-creation,Stub,2,0xd20adc0,414,"ArraySingleArgumentConstructorStub_FAST_SMI_ELEMENTS"
code-creation,Stub,2,0xd20af60,386,"ArraySingleArgumentConstructorStub_FAST_SMI_ELEMENTS_DISABLE_ALLOCATION_SITES"
code-creation,Stub,2,0xd20b100,426,"ArraySingleArgumentConstructorStub_FAST_HOLEY_SMI_ELEMENTS"
code-creation,Stub,2,0xd20b2c0,398,"ArraySingleArgumentConstructorStub_FAST_HOLEY_SMI_ELEMENTS_DISABLE_ALLOCATION_SITES"
code-creation,Stub,2,0xd20b460,442,"ArraySingleArgumentConstructorStub_FAST_DOUBLE_ELEMENTS"
code-creation,Stub,2,0xd20b620,442,"ArraySingleArgumentConstructorStub_FAST_HOLEY_DOUBLE_ELEMENTS"
code-creation,Stub,2,0xd20b7e0,398,"ArraySingleArgumentConstructorStub_FAST_ELEMENTS"
code-creation,Stub,2,0xd20b980,398,"ArraySingleArgumentConstructorStub_FAST_HOLEY_ELEMENTS"
code-creation,Stub,2,0xd20bb20,402,"ArrayNArgumentsConstructorStub_FAST_SMI_ELEMENTS"
code-creation,Stub,2,0xd20bcc0,378,"ArrayNArgumentsConstructorStub_FAST_SMI_ELEMENTS_DISABLE_ALLOCATION_SITES"
code-creation,Stub,2,0xd20be40,414,"ArrayNArgumentsConstructorStub_FAST_HOLEY_SMI_ELEMENTS"
code-creation,Stub,2,0xd20bfe0,390,"ArrayNArgumentsConstructorStub_FAST_HOLEY_SMI_ELEMENTS_DISABLE_ALLOCATION_SITES"
code-creation,Stub,2,0xd20c180,422,"ArrayNArgumentsConstructorStub_FAST_DOUBLE_ELEMENTS"
code-creation,Stub,2,0xd20c340,422,"ArrayNArgumentsConstructorStub_FAST_HOLEY_DOUBLE_ELEMENTS"
code-creation,Stub,2,0xd20c500,350,"ArrayNArgumentsConstructorStub_FAST_ELEMENTS"
code-creation,Stub,2,0xd20c660,350,"ArrayNArgumentsConstructorStub_FAST_HOLEY_ELEMENTS"
code-creation,Stub,2,0xd20c7c0,1800,"RecordWriteStub"
code-creation,Stub,2,0xd20cee0,1789,"RecordWriteStub"
code-creation,Stub,2,0xd20d5e0,349,"CreateAllocationSiteStub"
code-creation,Stub,11,0xd20d740,94,"BinaryOpICStub(BIT_OR:None*None->None)"
code-creation,Stub,11,0xd20d7a0,94,"BinaryOpICStub(BIT_OR_ReuseLeft:None*None->None)"
code-creation,Stub,11,0xd20d800,94,"BinaryOpICStub(BIT_OR_ReuseRight:None*None->None)"
code-creation,Stub,11,0xd20d860,94,"BinaryOpICStub(BIT_XOR:None*None->None)"
code-creation,Stub,11,0xd20d8c0,94,"BinaryOpICStub(BIT_XOR_ReuseLeft:None*None->None)"
code-creation,Stub,11,0xd20d920,94,"BinaryOpICStub(BIT_XOR_ReuseRight:None*None->None)"
code-creation,Stub,11,0xd20d980,94,"BinaryOpICStub(BIT_AND:None*None->None)"
code-creation,Stub,11,0xd20d9e0,94,"BinaryOpICStub(BIT_AND_ReuseLeft:None*None->None)"
code-creation,Stub,11,0xd20da40,94,"BinaryOpICStub(BIT_AND_ReuseRight:None*None->None)"
code-creation,Stub,11,0xd20daa0,94,"BinaryOpICStub(SHL:None*None->None)"
code-creation,Stub,11,0xd20db00,94,"BinaryOpICStub(SHL_ReuseLeft:None*None->None)"
code-creation,Stub,11,0xd20db60,94,"BinaryOpICStub(SHL_ReuseRight:None*None->None)"
code-creation,Stub,11,0xd20dbc0,94,"BinaryOpICStub(SAR:None*None->None)"
code-creation,Stub,11,0xd20dc20,94,"BinaryOpICStub(SAR_ReuseLeft:None*None->None)"
code-creation,Stub,11,0xd20dc80,94,"BinaryOpICStub(SAR_ReuseRight:None*None->None)"
code-creation,Stub,11,0xd20dce0,94,"BinaryOpICStub(SHR:None*None->None)"
code-creation,Stub,11,0xd20dd40,94,"BinaryOpICStub(SHR_ReuseLeft:None*None->None)"
code-creation,Stub,11,0xd20dda0,94,"BinaryOpICStub(SHR_ReuseRight:None*None->None)"
code-creation,Stub,11,0xd20de00,94,"BinaryOpICStub(ROR:None*None->None)"
code-creation,Stub,11,0xd20de60,94,"BinaryOpICStub(ROR_ReuseLeft:None*None->None)"
code-creation,Stub,11,0xd20dec0,94,"BinaryOpICStub(ROR_ReuseRight:None*None->None)"
code-creation,Stub,11,0xd20df20,94,"BinaryOpICStub(ADD:None*None->None)"
code-creation,Stub,11,0xd20df80,94,"BinaryOpICStub(ADD_ReuseLeft:None*None->None)"
code-creation,Stub,11,0xd20dfe0,94,"BinaryOpICStub(ADD_ReuseRight:None*None->None)"
code-creation,Stub,11,0xd20e040,94,"BinaryOpICStub(SUB:None*None->None)"
code-creation,Stub,11,0xd20e0a0,94,"BinaryOpICStub(SUB_ReuseLeft:None*None->None)"
code-creation,Stub,11,0xd20e100,94,"BinaryOpICStub(SUB_ReuseRight:None*None->None)"
code-creation,Stub,11,0xd20e160,94,"BinaryOpICStub(MUL:None*None->None)"
code-creation,Stub,11,0xd20e1c0,94,"BinaryOpICStub(MUL_ReuseLeft:None*None->None)"
code-creation,Stub,11,0xd20e220,94,"BinaryOpICStub(MUL_ReuseRight:None*None->None)"
code-creation,Stub,11,0xd20e280,94,"BinaryOpICStub(DIV:None*None->None)"
code-creation,Stub,11,0xd20e2e0,94,"BinaryOpICStub(DIV_ReuseLeft:None*None->None)"
code-creation,Stub,11,0xd20e340,94,"BinaryOpICStub(DIV_ReuseRight:None*None->None)"
code-creation,Stub,11,0xd20e3a0,94,"BinaryOpICStub(MOD:None*None->None)"
code-creation,Stub,11,0xd20e400,94,"BinaryOpICStub(MOD_ReuseLeft:None*None->None)"
code-creation,Stub,11,0xd20e460,94,"BinaryOpICStub(MOD_ReuseRight:None*None->None)"
code-creation,Stub,11,0xd20e4c0,401,"BinaryOpICStub(ADD:Int32*Int32->Int32)"
code-creation,Stub,11,0xd20e660,445,"BinaryOpICStub(ADD_ReuseLeft:Int32*Int32->Int32)"
code-creation,Stub,11,0xd20e820,373,"BinaryOpICStub(ADD:Int32*Int32->Number)"
code-creation,Stub,11,0xd20e9a0,409,"BinaryOpICStub(ADD_ReuseLeft:Int32*Int32->Number)"
code-creation,Stub,11,0xd20eb40,353,"BinaryOpICStub(ADD:Int32*Number->Number)"
code-creation,Stub,11,0xd20ecc0,389,"BinaryOpICStub(ADD_ReuseLeft:Int32*Number->Number)"
code-creation,Stub,11,0xd20ee60,389,"BinaryOpICStub(ADD_ReuseRight:Int32*Number->Number)"
code-creation,Stub,11,0xd20f000,345,"BinaryOpICStub(ADD:Int32*Smi->Int32)"
code-creation,Stub,11,0xd20f160,389,"BinaryOpICStub(ADD_ReuseLeft:Int32*Smi->Int32)"
code-creation,Stub,11,0xd20f300,345,"BinaryOpICStub(ADD_ReuseRight:Int32*Smi->Int32)"
code-creation,Stub,11,0xd20f460,357,"BinaryOpICStub(ADD:Number*Int32->Number)"
code-creation,Stub,11,0xd20f5e0,393,"BinaryOpICStub(ADD_ReuseLeft:Number*Int32->Number)"
code-creation,Stub,11,0xd20f780,393,"BinaryOpICStub(ADD_ReuseRight:Number*Int32->Number)"
code-creation,Stub,11,0xd20f920,317,"BinaryOpICStub(ADD:Number*Number->Number)"
code-creation,Stub,11,0xd20fa60,349,"BinaryOpICStub(ADD_ReuseLeft:Number*Number->Number)"
code-creation,Stub,11,0xd20fbc0,349,"BinaryOpICStub(ADD_ReuseRight:Number*Number->Number)"
code-creation,Stub,11,0xd20fd20,285,"BinaryOpICStub(ADD:Number*Smi->Number)"
code-creation,Stub,11,0xd20fe40,321,"BinaryOpICStub(ADD_ReuseLeft:Number*Smi->Number)"
code-creation,Stub,11,0xd20ffa0,285,"BinaryOpICStub(ADD_ReuseRight:Number*Smi->Number)"
code-creation,Stub,11,0xd2100c0,329,"BinaryOpICStub(ADD:Smi*Int32->Int32)"
code-creation,Stub,11,0xd210220,329,"BinaryOpICStub(ADD_ReuseLeft:Smi*Int32->Int32)"
code-creation,Stub,11,0xd210380,325,"BinaryOpICStub(ADD:Smi*Int32->Number)"
code-creation,Stub,11,0xd2104e0,285,"BinaryOpICStub(ADD:Smi*Number->Number)"
code-creation,Stub,11,0xd210600,285,"BinaryOpICStub(ADD_ReuseLeft:Smi*Number->Number)"
code-creation,Stub,11,0xd210720,317,"BinaryOpICStub(ADD_ReuseRight:Smi*Number->Number)"
code-creation,Stub,11,0xd210860,261,"BinaryOpICStub(ADD_ReuseLeft:Smi*Smi->Int32)"
code-creation,Stub,11,0xd210980,148,"BinaryOpICStub(ADD_ReuseRight:Smi*Smi->Smi)"
code-creation,Stub,2,0xd210a20,172,"DoubleToIStub"
code-creation,Stub,2,0xd210ae0,172,"DoubleToIStub"
code-creation,Stub,11,0xd210ba0,493,"BinaryOpICStub(BIT_AND:Int32*Int32->Int32)"
code-creation,Stub,11,0xd210da0,533,"BinaryOpICStub(BIT_AND_ReuseLeft:Int32*Int32->Int32)"
code-creation,Stub,11,0xd210fc0,533,"BinaryOpICStub(BIT_AND_ReuseRight:Int32*Int32->Int32)"
code-creation,Stub,11,0xd2111e0,404,"BinaryOpICStub(BIT_AND:Int32*Int32->Smi)"
code-creation,Stub,11,0xd211380,404,"BinaryOpICStub(BIT_AND_ReuseRight:Int32*Int32->Smi)"
code-creation,Stub,11,0xd211520,389,"BinaryOpICStub(BIT_AND:Int32*Smi->Int32)"
code-creation,Stub,11,0xd2116c0,389,"BinaryOpICStub(BIT_AND_ReuseRight:Int32*Smi->Int32)"
code-creation,Stub,11,0xd211860,280,"BinaryOpICStub(BIT_AND:Int32*Smi->Smi)"
code-creation,Stub,11,0xd211980,280,"BinaryOpICStub(BIT_AND_ReuseLeft:Int32*Smi->Smi)"
code-creation,Stub,11,0xd211aa0,280,"BinaryOpICStub(BIT_AND_ReuseRight:Int32*Smi->Smi)"
code-creation,Stub,11,0xd211bc0,533,"BinaryOpICStub(BIT_AND_ReuseRight:Number*Int32->Int32)"
code-creation,Stub,11,0xd211de0,280,"BinaryOpICStub(BIT_AND:Number*Smi->Smi)"
code-creation,Stub,11,0xd211f00,280,"BinaryOpICStub(BIT_AND_ReuseRight:Number*Smi->Smi)"
code-creation,Stub,11,0xd212020,389,"BinaryOpICStub(BIT_AND:Smi*Int32->Int32)"
code-creation,Stub,11,0xd2121c0,280,"BinaryOpICStub(BIT_AND_ReuseRight:Smi*Int32->Smi)"
code-creation,Stub,11,0xd2122e0,280,"BinaryOpICStub(BIT_AND_ReuseRight:Smi*Number->Smi)"
code-creation,Stub,11,0xd212400,136,"BinaryOpICStub(BIT_AND:Smi*Smi->Smi)"
code-creation,Stub,11,0xd2124a0,136,"BinaryOpICStub(BIT_AND_ReuseLeft:Smi*Smi->Smi)"
code-creation,Stub,11,0xd212540,136,"BinaryOpICStub(BIT_AND_ReuseRight:Smi*Smi->Smi)"
code-creation,Stub,11,0xd2125e0,533,"BinaryOpICStub(BIT_OR_ReuseLeft:Int32*Int32->Int32)"
code-creation,Stub,11,0xd212800,533,"BinaryOpICStub(BIT_OR_ReuseRight:Int32*Int32->Int32)"
code-creation,Stub,11,0xd212a20,404,"BinaryOpICStub(BIT_OR_ReuseLeft:Int32*Int32->Smi)"
code-creation,Stub,11,0xd212bc0,389,"BinaryOpICStub(BIT_OR:Int32*Smi->Int32)"
code-creation,Stub,11,0xd212d60,429,"BinaryOpICStub(BIT_OR_ReuseLeft:Int32*Smi->Int32)"
code-creation,Stub,11,0xd212f20,389,"BinaryOpICStub(BIT_OR_ReuseRight:Int32*Smi->Int32)"
code-creation,Stub,11,0xd2130c0,280,"BinaryOpICStub(BIT_OR:Int32*Smi->Smi)"
code-creation,Stub,11,0xd2131e0,280,"BinaryOpICStub(BIT_OR_ReuseRight:Int32*Smi->Smi)"
code-creation,Stub,11,0xd213300,389,"BinaryOpICStub(BIT_OR:Number*Smi->Int32)"
code-creation,Stub,11,0xd2134a0,429,"BinaryOpICStub(BIT_OR_ReuseLeft:Number*Smi->Int32)"
code-creation,Stub,11,0xd213660,389,"BinaryOpICStub(BIT_OR_ReuseRight:Number*Smi->Int32)"
code-creation,Stub,11,0xd213800,280,"BinaryOpICStub(BIT_OR:Number*Smi->Smi)"
code-creation,Stub,11,0xd213920,280,"BinaryOpICStub(BIT_OR_ReuseLeft:Number*Smi->Smi)"
code-creation,Stub,11,0xd213a40,389,"BinaryOpICStub(BIT_OR_ReuseLeft:Smi*Int32->Int32)"
code-creation,Stub,11,0xd213be0,429,"BinaryOpICStub(BIT_OR_ReuseRight:Smi*Int32->Int32)"
code-creation,Stub,11,0xd213da0,280,"BinaryOpICStub(BIT_OR_ReuseRight:Smi*Int32->Smi)"
code-creation,Stub,11,0xd213ec0,136,"BinaryOpICStub(BIT_OR_ReuseLeft:Smi*Smi->Smi)"
code-creation,Stub,11,0xd213f60,136,"BinaryOpICStub(BIT_OR_ReuseRight:Smi*Smi->Smi)"
code-creation,Stub,11,0xd214000,493,"BinaryOpICStub(BIT_XOR:Int32*Int32->Int32)"
code-creation,Stub,11,0xd214200,533,"BinaryOpICStub(BIT_XOR_ReuseLeft:Int32*Int32->Int32)"
code-creation,Stub,11,0xd214420,533,"BinaryOpICStub(BIT_XOR_ReuseRight:Int32*Int32->Int32)"
code-creation,Stub,11,0xd214640,404,"BinaryOpICStub(BIT_XOR:Int32*Int32->Smi)"
code-creation,Stub,11,0xd2147e0,404,"BinaryOpICStub(BIT_XOR_ReuseLeft:Int32*Int32->Smi)"
code-creation,Stub,11,0xd214980,404,"BinaryOpICStub(BIT_XOR:Int32*Number->Smi)"
code-creation,Stub,11,0xd214b20,389,"BinaryOpICStub(BIT_XOR:Int32*Smi->Int32)"
code-creation,Stub,11,0xd214cc0,429,"BinaryOpICStub(BIT_XOR_ReuseLeft:Int32*Smi->Int32)"
code-creation,Stub,11,0xd214e80,389,"BinaryOpICStub(BIT_XOR_ReuseRight:Int32*Smi->Int32)"
code-creation,Stub,11,0xd215020,493,"BinaryOpICStub(BIT_XOR:Number*Int32->Int32)"
code-creation,Stub,11,0xd215220,389,"BinaryOpICStub(BIT_XOR:Number*Smi->Int32)"
code-creation,Stub,11,0xd2153c0,280,"BinaryOpICStub(BIT_XOR:Number*Smi->Smi)"
code-creation,Stub,11,0xd2154e0,389,"BinaryOpICStub(BIT_XOR:Smi*Int32->Int32)"
code-creation,Stub,11,0xd215680,389,"BinaryOpICStub(BIT_XOR_ReuseLeft:Smi*Int32->Int32)"
code-creation,Stub,11,0xd215820,280,"BinaryOpICStub(BIT_XOR_ReuseLeft:Smi*Int32->Smi)"
code-creation,Stub,11,0xd215940,136,"BinaryOpICStub(BIT_XOR:Smi*Smi->Smi)"
code-creation,Stub,11,0xd2159e0,136,"BinaryOpICStub(BIT_XOR_ReuseLeft:Smi*Smi->Smi)"
code-creation,Stub,11,0xd215a80,136,"BinaryOpICStub(BIT_XOR_ReuseRight:Smi*Smi->Smi)"
code-creation,Stub,11,0xd215b20,457,"BinaryOpICStub(DIV:Int32*Int32->Int32)"
code-creation,Stub,11,0xd215d00,377,"BinaryOpICStub(DIV:Int32*Int32->Number)"
code-creation,Stub,11,0xd215e80,357,"BinaryOpICStub(DIV:Int32*Number->Number)"
code-creation,Stub,11,0xd216000,393,"BinaryOpICStub(DIV_ReuseLeft:Int32*Number->Number)"
code-creation,Stub,11,0xd2161a0,389,"BinaryOpICStub(DIV:Int32*Smi->Int32)"
code-creation,Stub,11,0xd216340,325,"BinaryOpICStub(DIV:Int32*Smi->Number)"
code-creation,Stub,11,0xd2164a0,357,"BinaryOpICStub(DIV:Number*Int32->Number)"
code-creation,Stub,11,0xd216620,397,"BinaryOpICStub(DIV_ReuseLeft:Number*Int32->Number)"
code-creation,Stub,11,0xd2167c0,321,"BinaryOpICStub(DIV:Number*Number->Number)"
code-creation,Stub,11,0xd216920,353,"BinaryOpICStub(DIV_ReuseLeft:Number*Number->Number)"
code-creation,Stub,11,0xd216aa0,353,"BinaryOpICStub(DIV_ReuseRight:Number*Number->Number)"
code-creation,Stub,11,0xd216c20,289,"BinaryOpICStub(DIV:Number*Smi->Number)"
code-creation,Stub,11,0xd216d60,325,"BinaryOpICStub(DIV_ReuseLeft:Number*Smi->Number)"
code-creation,Stub,11,0xd216ec0,365,"BinaryOpICStub(DIV:Smi*Int32->Int32)"
code-creation,Stub,11,0xd217040,325,"BinaryOpICStub(DIV:Smi*Int32->Number)"
code-creation,Stub,11,0xd2171a0,325,"BinaryOpICStub(DIV_ReuseLeft:Smi*Int32->Number)"
code-creation,Stub,11,0xd217300,289,"BinaryOpICStub(DIV:Smi*Number->Number)"
code-creation,Stub,11,0xd217440,289,"BinaryOpICStub(DIV_ReuseLeft:Smi*Number->Number)"
code-creation,Stub,11,0xd217580,321,"BinaryOpICStub(DIV_ReuseRight:Smi*Number->Number)"
code-creation,Stub,11,0xd2176e0,257,"BinaryOpICStub(DIV:Smi*Smi->Number)"
code-creation,Stub,11,0xd217800,257,"BinaryOpICStub(DIV_ReuseLeft:Smi*Smi->Number)"
code-creation,Stub,11,0xd217920,257,"BinaryOpICStub(DIV_ReuseRight:Smi*Smi->Number)"
code-creation,Stub,11,0xd217a40,192,"BinaryOpICStub(DIV:Smi*Smi->Smi)"
code-creation,Stub,11,0xd217b00,192,"BinaryOpICStub(DIV_ReuseLeft:Smi*Smi->Smi)"
code-creation,Stub,11,0xd217bc0,192,"BinaryOpICStub(DIV_ReuseRight:Smi*Smi->Smi)"
code-creation,Stub,11,0xd217c80,374,"BinaryOpICStub(MOD_ReuseLeft:Number*Smi->Number)"
code-creation,Stub,11,0xd217e00,180,"BinaryOpICStub(MOD:Smi*Smi->Smi)"
code-creation,Stub,11,0xd217ec0,180,"BinaryOpICStub(MOD_ReuseLeft:Smi*Smi->Smi)"
code-creation,Stub,11,0xd217f80,429,"BinaryOpICStub(MUL:Int32*Int32->Int32)"
code-creation,Stub,11,0xd218140,373,"BinaryOpICStub(MUL:Int32*Int32->Number)"
code-creation,Stub,11,0xd2182c0,353,"BinaryOpICStub(MUL:Int32*Number->Number)"
code-creation,Stub,11,0xd218440,389,"BinaryOpICStub(MUL_ReuseLeft:Int32*Number->Number)"
code-creation,Stub,11,0xd2185e0,357,"BinaryOpICStub(MUL:Int32*Smi->Int32)"
code-creation,Stub,11,0xd218760,401,"BinaryOpICStub(MUL_ReuseLeft:Int32*Smi->Int32)"
code-creation,Stub,11,0xd218900,325,"BinaryOpICStub(MUL:Int32*Smi->Number)"
code-creation,Stub,11,0xd218a60,357,"BinaryOpICStub(MUL:Number*Int32->Number)"
code-creation,Stub,11,0xd218be0,393,"BinaryOpICStub(MUL_ReuseLeft:Number*Int32->Number)"
code-creation,Stub,11,0xd218d80,393,"BinaryOpICStub(MUL_ReuseRight:Number*Int32->Number)"
code-creation,Stub,11,0xd218f20,317,"BinaryOpICStub(MUL:Number*Number->Number)"
code-creation,Stub,11,0xd219060,349,"BinaryOpICStub(MUL_ReuseLeft:Number*Number->Number)"
code-creation,Stub,11,0xd2191c0,285,"BinaryOpICStub(MUL:Number*Smi->Number)"
code-creation,Stub,11,0xd2192e0,321,"BinaryOpICStub(MUL_ReuseLeft:Number*Smi->Number)"
code-creation,Stub,11,0xd219440,285,"BinaryOpICStub(MUL_ReuseRight:Number*Smi->Number)"
code-creation,Stub,11,0xd219560,357,"BinaryOpICStub(MUL:Smi*Int32->Int32)"
code-creation,Stub,11,0xd2196e0,357,"BinaryOpICStub(MUL_ReuseLeft:Smi*Int32->Int32)"
code-creation,Stub,11,0xd219860,325,"BinaryOpICStub(MUL:Smi*Int32->Number)"
code-creation,Stub,11,0xd2199c0,285,"BinaryOpICStub(MUL:Smi*Number->Number)"
code-creation,Stub,11,0xd219ae0,285,"BinaryOpICStub(MUL_ReuseLeft:Smi*Number->Number)"
code-creation,Stub,11,0xd219c00,317,"BinaryOpICStub(MUL_ReuseRight:Smi*Number->Number)"
code-creation,Stub,11,0xd219d40,289,"BinaryOpICStub(MUL:Smi*Smi->Int32)"
code-creation,Stub,11,0xd219e80,253,"BinaryOpICStub(MUL:Smi*Smi->Number)"
code-creation,Stub,11,0xd219f80,253,"BinaryOpICStub(MUL_ReuseLeft:Smi*Smi->Number)"
code-creation,Stub,11,0xd21a080,164,"BinaryOpICStub(MUL:Smi*Smi->Smi)"
code-creation,Stub,11,0xd21a140,164,"BinaryOpICStub(MUL_ReuseLeft:Smi*Smi->Smi)"
code-creation,Stub,11,0xd21a200,164,"BinaryOpICStub(MUL_ReuseRight:Smi*Smi->Smi)"
code-creation,Stub,11,0xd21a2c0,389,"BinaryOpICStub(SAR_ReuseRight:Int32*Smi->Int32)"
code-creation,Stub,11,0xd21a460,280,"BinaryOpICStub(SAR:Int32*Smi->Smi)"
code-creation,Stub,11,0xd21a580,280,"BinaryOpICStub(SAR_ReuseRight:Int32*Smi->Smi)"
code-creation,Stub,11,0xd21a6a0,280,"BinaryOpICStub(SAR:Number*Smi->Smi)"
code-creation,Stub,11,0xd21a7c0,280,"BinaryOpICStub(SAR_ReuseRight:Number*Smi->Smi)"
code-creation,Stub,11,0xd21a8e0,156,"BinaryOpICStub(SAR_ReuseLeft:Smi*Smi->Smi)"
code-creation,Stub,11,0xd21a980,156,"BinaryOpICStub(SAR_ReuseRight:Smi*Smi->Smi)"
code-creation,Stub,11,0xd21aa20,389,"BinaryOpICStub(SHL:Int32*Smi->Int32)"
code-creation,Stub,11,0xd21abc0,389,"BinaryOpICStub(SHL_ReuseRight:Int32*Smi->Int32)"
code-creation,Stub,11,0xd21ad60,280,"BinaryOpICStub(SHL:Int32*Smi->Smi)"
code-creation,Stub,11,0xd21ae80,280,"BinaryOpICStub(SHL_ReuseRight:Int32*Smi->Smi)"
code-creation,Stub,11,0xd21afa0,280,"BinaryOpICStub(SHL_ReuseRight:Number*Smi->Smi)"
code-creation,Stub,11,0xd21b0c0,261,"BinaryOpICStub(SHL:Smi*Smi->Int32)"
code-creation,Stub,11,0xd21b1e0,261,"BinaryOpICStub(SHL_ReuseLeft:Smi*Smi->Int32)"
code-creation,Stub,11,0xd21b300,261,"BinaryOpICStub(SHL_ReuseRight:Smi*Smi->Int32)"
code-creation,Stub,11,0xd21b420,156,"BinaryOpICStub(SHL:Smi*Smi->Smi)"
code-creation,Stub,11,0xd21b4c0,156,"BinaryOpICStub(SHL_ReuseLeft:Smi*Smi->Smi)"
code-creation,Stub,11,0xd21b560,156,"BinaryOpICStub(SHL_ReuseRight:Smi*Smi->Smi)"
code-creation,Stub,11,0xd21b600,288,"BinaryOpICStub(SHR:Int32*Smi->Smi)"
code-creation,Stub,11,0xd21b720,288,"BinaryOpICStub(SHR_ReuseLeft:Int32*Smi->Smi)"
code-creation,Stub,11,0xd21b840,288,"BinaryOpICStub(SHR_ReuseRight:Int32*Smi->Smi)"
code-creation,Stub,11,0xd21b960,284,"BinaryOpICStub(SHR:Number*Smi->Smi)"
code-creation,Stub,11,0xd21ba80,284,"BinaryOpICStub(SHR_ReuseLeft:Number*Smi->Smi)"
code-creation,Stub,11,0xd21bba0,397,"BinaryOpICStub(SHR_ReuseRight:Number*Smi->Int32)"
code-creation,Stub,11,0xd21bd40,164,"BinaryOpICStub(SHR:Smi*Smi->Smi)"
code-creation,Stub,11,0xd21be00,164,"BinaryOpICStub(SHR_ReuseLeft:Smi*Smi->Smi)"
code-creation,Stub,11,0xd21bec0,164,"BinaryOpICStub(SHR_ReuseRight:Smi*Smi->Smi)"
code-creation,Stub,11,0xd21bf80,401,"BinaryOpICStub(SUB:Int32*Int32->Int32)"
code-creation,Stub,11,0xd21c120,445,"BinaryOpICStub(SUB_ReuseLeft:Int32*Int32->Int32)"
code-creation,Stub,11,0xd21c2e0,353,"BinaryOpICStub(SUB:Int32*Number->Number)"
code-creation,Stub,11,0xd21c460,389,"BinaryOpICStub(SUB_ReuseRight:Int32*Number->Number)"
code-creation,Stub,11,0xd21c600,389,"BinaryOpICStub(SUB_ReuseLeft:Int32*Smi->Int32)"
code-creation,Stub,11,0xd21c7a0,345,"BinaryOpICStub(SUB_ReuseRight:Int32*Smi->Int32)"
code-creation,Stub,11,0xd21c900,357,"BinaryOpICStub(SUB:Number*Int32->Number)"
code-creation,Stub,11,0xd21ca80,393,"BinaryOpICStub(SUB_ReuseLeft:Number*Int32->Number)"
code-creation,Stub,11,0xd21cc20,317,"BinaryOpICStub(SUB:Number*Number->Number)"
code-creation,Stub,11,0xd21cd60,349,"BinaryOpICStub(SUB_ReuseLeft:Number*Number->Number)"
code-creation,Stub,11,0xd21cec0,349,"BinaryOpICStub(SUB_ReuseRight:Number*Number->Number)"
code-creation,Stub,11,0xd21d020,285,"BinaryOpICStub(SUB:Number*Smi->Number)"
code-creation,Stub,11,0xd21d140,321,"BinaryOpICStub(SUB_ReuseLeft:Number*Smi->Number)"
code-creation,Stub,11,0xd21d2a0,285,"BinaryOpICStub(SUB_ReuseRight:Number*Smi->Number)"
code-creation,Stub,11,0xd21d3c0,329,"BinaryOpICStub(SUB:Smi*Int32->Int32)"
code-creation,Stub,11,0xd21d520,285,"BinaryOpICStub(SUB:Smi*Number->Number)"
code-creation,Stub,11,0xd21d640,285,"BinaryOpICStub(SUB_ReuseLeft:Smi*Number->Number)"
code-creation,Stub,11,0xd21d760,317,"BinaryOpICStub(SUB_ReuseRight:Smi*Number->Number)"
code-creation,Stub,11,0xd21d8a0,148,"BinaryOpICStub(SUB:Smi*Smi->Smi)"
code-creation,Stub,11,0xd21d940,148,"BinaryOpICStub(SUB_ReuseLeft:Smi*Smi->Smi)"
code-creation,Stub,11,0xd21d9e0,148,"BinaryOpICStub(SUB_ReuseRight:Smi*Smi->Smi)"
code-creation,Stub,11,0xd21da80,188,"BinaryOpICStub(MOD:Smi*2->Smi)"
code-creation,Stub,11,0xd21db40,188,"BinaryOpICStub(MOD:Smi*4->Smi)"
code-creation,Stub,11,0xd21dc00,188,"BinaryOpICStub(MOD_ReuseLeft:Smi*4->Smi)"
code-creation,Stub,11,0xd21dcc0,188,"BinaryOpICStub(MOD:Smi*8->Smi)"
code-creation,Stub,11,0xd21dd80,188,"BinaryOpICStub(MOD_ReuseLeft:Smi*16->Smi)"
code-creation,Stub,11,0xd21de40,188,"BinaryOpICStub(MOD:Smi*32->Smi)"
code-creation,Stub,11,0xd21df00,196,"BinaryOpICStub(MOD:Smi*2048->Smi)"
code-creation,Stub,2,0xd21dfe0,213,"JSEntryStub"
code-creation,Stub,2,0xd21e0c0,213,"JSConstructEntryStub"
code-creation,Builtin,4,0xd21e1a0,77,"Illegal"
code-creation,Builtin,4,0xd21e200,77,"EmptyFunction"
code-creation,Builtin,4,0xd21e260,77,"ArrayPush"
code-creation,Builtin,4,0xd21e2c0,77,"ArrayPop"
code-creation,Builtin,4,0xd21e320,77,"ArrayShift"
code-creation,Builtin,4,0xd21e380,77,"ArrayUnshift"
code-creation,Builtin,4,0xd21e3e0,77,"ArraySlice"
code-creation,Builtin,4,0xd21e440,77,"ArraySplice"
code-creation,Builtin,4,0xd21e4a0,77,"ArrayConcat"
code-creation,Builtin,4,0xd21e500,80,"HandleApiCall"
code-creation,Builtin,4,0xd21e560,80,"HandleApiCallConstruct"
code-creation,Builtin,4,0xd21e5c0,77,"HandleApiCallAsFunction"
code-creation,Builtin,4,0xd21e620,77,"HandleApiCallAsConstructor"
code-creation,Builtin,4,0xd21e680,77,"StrictModePoisonPill"
code-creation,Builtin,4,0xd21e6e0,77,"GeneratorPoisonPill"
code-creation,Builtin,4,0xd21e740,226,"ArgumentsAdaptorTrampoline"
code-creation,Builtin,4,0xd21e840,118,"InOptimizationQueue"
code-creation,Builtin,4,0xd21e8c0,517,"JSConstructStubGeneric"
code-creation,Builtin,4,0xd21eae0,407,"JSConstructStubApi"
code-creation,Builtin,4,0xd21ec80,153,"JSEntryTrampoline"
code-creation,Stub,2,0xd21ed20,146,"CallConstructStub"
code-creation,Builtin,4,0xd21edc0,131,"JSConstructEntryTrampoline"
code-creation,Builtin,4,0xd21ee60,99,"CompileUnoptimized"
code-creation,Builtin,4,0xd21eee0,104,"CompileOptimized"
code-creation,Builtin,4,0xd21ef60,104,"CompileOptimizedConcurrent"
code-creation,Builtin,4,0xd21efe0,140,"NotifyDeoptimized"
code-creation,Builtin,4,0xd21f080,140,"NotifySoftDeoptimized"
code-creation,Builtin,4,0xd21f120,140,"NotifyLazyDeoptimized"
code-creation,Builtin,4,0xd21f1c0,94,"NotifyStubFailure"
code-creation,Builtin,4,0xd21f220,94,"NotifyStubFailureSaveDoubles"
code-creation,Builtin,4,0xd21f280,83,"LoadIC_Miss"
code-creation,Builtin,4,0xd21f2e0,83,"KeyedLoadIC_Miss"
code-creation,Builtin,4,0xd21f340,84,"StoreIC_Miss"
code-creation,Builtin,4,0xd21f3a0,84,"KeyedStoreIC_Miss"
code-creation,Builtin,6,0xd21f400,80,"LoadIC_Getter_ForDeopt"
code-creation,Builtin,7,0xd21f460,83,"KeyedLoadIC_Initialize"
code-creation,Builtin,7,0xd21f4c0,83,"KeyedLoadIC_PreMonomorphic"
code-creation,Stub,2,0xd21f520,740,"NameDictionaryLookupStub"
code-creation,Builtin,7,0xd21f820,890,"KeyedLoadIC_Generic"
code-creation,Builtin,7,0xd21fba0,487,"KeyedLoadIC_String"
code-creation,Builtin,7,0xd21fda0,142,"KeyedLoadIC_IndexedInterceptor"
code-creation,Builtin,7,0xd21fe40,216,"KeyedLoadIC_SloppyArguments"
code-creation,Builtin,9,0xd21ff20,82,"StoreIC_Setter_ForDeopt"
code-creation,Builtin,10,0xd21ff80,84,"KeyedStoreIC_Initialize"
code-creation,Builtin,10,0xd21ffe0,84,"KeyedStoreIC_PreMonomorphic"
code-creation,Stub,2,0xd220040,1453,"RecordWriteStub"
code-creation,Stub,2,0xd220600,1433,"RecordWriteStub"
code-creation,Stub,2,0xd220ba0,611,"RecordWriteStub"
code-creation,Stub,2,0xd220e20,1437,"RecordWriteStub"
code-creation,Stub,2,0xd2213c0,1428,"RecordWriteStub"
code-creation,Builtin,10,0xd221960,2310,"KeyedStoreIC_Generic"
code-creation,Builtin,10,0xd222280,84,"KeyedStoreIC_Initialize_Strict"
code-creation,Builtin,10,0xd2222e0,84,"KeyedStoreIC_PreMonomorphic_Strict"
code-creation,Builtin,10,0xd222340,2310,"KeyedStoreIC_Generic_Strict"
code-creation,Stub,2,0xd222c60,1425,"RecordWriteStub"
code-creation,Builtin,10,0xd223200,286,"KeyedStoreIC_SloppyArguments"
code-creation,Builtin,4,0xd223320,359,"FunctionCall"
code-creation,Builtin,4,0xd2234a0,370,"FunctionApply"
code-creation,Stub,2,0xd223620,249,"InternalArrayNoArgumentConstructorStub"
code-creation,Stub,2,0xd223720,386,"InternalArraySingleArgumentConstructorStub"
code-creation,Stub,2,0xd2238c0,334,"InternalArrayNArgumentsConstructorStub"
code-creation,Stub,2,0xd223a20,249,"InternalArrayNoArgumentConstructorStub"
code-creation,Stub,2,0xd223b20,386,"InternalArraySingleArgumentConstructorStub"
code-creation,Stub,2,0xd223cc0,334,"InternalArrayNArgumentsConstructorStub"
code-creation,Stub,2,0xd223e20,166,"InternalArrayConstructorStub"
code-creation,Builtin,4,0xd223ee0,78,"InternalArrayCode"
code-creation,Stub,2,0xd223f40,494,"ArrayConstructorStub_Any"
code-creation,Builtin,4,0xd224140,83,"ArrayCode"
code-creation,Builtin,4,0xd2241a0,349,"StringConstructCode"
code-creation,Builtin,4,0xd224300,117,"OnStackReplacement"
code-creation,Builtin,4,0xd224380,76,"InterruptCheck"
code-creation,Builtin,4,0xd2243e0,102,"OsrAfterStackCheck"
code-creation,Builtin,4,0xd224460,76,"StackCheck"
code-creation,Builtin,4,0xd2244c0,115,"MarkCodeAsExecutedOnce"
code-creation,Builtin,4,0xd224540,109,"MarkCodeAsExecutedTwice"
code-creation,Builtin,4,0xd2245c0,109,"MakeQuadragenarianCodeYoungAgainOddMarking"
code-creation,Builtin,4,0xd224640,109,"MakeQuadragenarianCodeYoungAgainEvenMarking"
code-creation,Builtin,4,0xd2246c0,109,"MakeQuinquagenarianCodeYoungAgainOddMarking"
code-creation,Builtin,4,0xd224740,109,"MakeQuinquagenarianCodeYoungAgainEvenMarking"
code-creation,Builtin,4,0xd2247c0,109,"MakeSexagenarianCodeYoungAgainOddMarking"
code-creation,Builtin,4,0xd224840,109,"MakeSexagenarianCodeYoungAgainEvenMarking"
code-creation,Builtin,4,0xd2248c0,109,"MakeSeptuagenarianCodeYoungAgainOddMarking"
code-creation,Builtin,4,0xd224940,109,"MakeSeptuagenarianCodeYoungAgainEvenMarking"
code-creation,Builtin,4,0xd2249c0,109,"MakeOctogenarianCodeYoungAgainOddMarking"
code-creation,Builtin,4,0xd224a40,109,"MakeOctogenarianCodeYoungAgainEvenMarking"
code-creation,Builtin,3,0xd224ac0,83,"LoadIC_Slow"
code-creation,Builtin,3,0xd224b20,83,"KeyedLoadIC_Slow"
code-creation,Builtin,3,0xd224b80,84,"StoreIC_Slow"
code-creation,Builtin,3,0xd224be0,84,"KeyedStoreIC_Slow"
code-creation,Stub,2,0xd224c40,740,"NameDictionaryLookupStub"
code-creation,Builtin,3,0xd224f40,227,"LoadIC_Normal"
code-creation,Stub,2,0xd225040,740,"NameDictionaryLookupStub"
code-creation,Stub,2,0xd225340,1433,"RecordWriteStub"
code-creation,Builtin,3,0xd2258e0,275,"StoreIC_Normal"
code-creation,Builtin,4,0xd225a00,107,"Return_DebugBreak"
code-creation,Builtin,4,0xd225a80,104,"CallFunctionStub_DebugBreak"
code-creation,Builtin,4,0xd225b00,110,"CallConstructStub_DebugBreak"
code-creation,Builtin,4,0xd225b80,114,"CallConstructStub_Recording_DebugBreak"
code-creation,Builtin,8,0xd225c00,106,"CallICStub_DebugBreak"
code-creation,Builtin,6,0xd225c80,106,"LoadIC_DebugBreak"
code-creation,Builtin,7,0xd225d00,106,"KeyedLoadIC_DebugBreak"
code-creation,Builtin,9,0xd225d80,108,"StoreIC_DebugBreak"
code-creation,Builtin,10,0xd225e00,108,"KeyedStoreIC_DebugBreak"
code-creation,Builtin,13,0xd225e80,104,"CompareNilIC_DebugBreak"
code-creation,Builtin,4,0xd225f00,105,"Slot_DebugBreak"
code-creation,Builtin,4,0xd225f80,65,"PlainReturn_LiveEdit"
code-creation,Builtin,4,0xd225fe0,93,"FrameDropper_LiveEdit"
code-creation,LoadInitialize,6,0xd226040,83,"args_count: 0"
code-creation,LoadInitialize,6,0xd2260a0,83,"args_count: 0"
code-creation,Stub,2,0xd226100,347,"CallConstructStub_Recording"
code-creation,Script,0,0xd226260,556,"native runtime.js",0xce1135c,~
code-creation,LoadPreMonomorphic,6,0xd2264a0,83,"args_count: 0"
code-creation,LoadPreMonomorphic,6,0xd226500,83,"args_count: 0"
code-creation,Stub,13,0xd226560,93,"CompareNilICStub(NullValue)(None)"
code-creation,Stub,2,0xd2265c0,190,"CallFunctionStub_Args1"
code-creation,Stub,2,0xd226680,190,"CallFunctionStub_Args2"
code-creation,LazyCompile,0,0xd226740,2536,"EQUALS native runtime.js:9:16",0xce10034,
code-creation,LazyCompile,0,0xd227140,436,"STRICT_EQUALS native runtime.js:56:23",0xce10094,~
code-creation,Stub,2,0xd227300,216,"StringCompareStub"
code-creation,Stub,12,0xd2273e0,104,"CompareICStub"
code-creation,LazyCompile,0,0xd227460,1172,"COMPARE native runtime.js:67:17",0xce100f4,
code-creation,Stub,2,0xd227900,786,"StringAddStub_CheckBoth"
code-creation,LazyCompile,0,0xd227c20,804,"ADD native runtime.js:99:13",0xce10154,
code-creation,LazyCompile,0,0xd227f60,344,"SUB native runtime.js:137:13",0xce10274,
code-creation,LazyCompile,0,0xd2280c0,344,"MUL native runtime.js:142:13",0xce102d4,
code-creation,LazyCompile,0,0xd228220,344,"DIV native runtime.js:147:13",0xce10334,
code-creation,LazyCompile,0,0xd228380,344,"MOD native runtime.js:152:13",0xce10394,
code-creation,LazyCompile,0,0xd2284e0,344,"BIT_OR native runtime.js:157:16",0xce103f4,
code-creation,LazyCompile,0,0xd228640,508,"BIT_AND native runtime.js:162:17",0xce10454,
code-creation,LazyCompile,0,0xd228840,344,"BIT_XOR native runtime.js:174:17",0xce104b4,
code-creation,LazyCompile,0,0xd2289a0,344,"SHL native runtime.js:179:13",0xce10514,
code-creation,LazyCompile,0,0xd228b00,508,"SAR native runtime.js:184:13",0xce10574,
code-creation,LazyCompile,0,0xd228d00,344,"SHR native runtime.js:196:13",0xce105d4,
code-creation,LazyCompile,0,0xd228e60,236,"DELETE native runtime.js:201:16",0xce10634,
code-creation,Stub,2,0xd228f60,956,"FastCloneShallowArrayStub"
code-creation,Stub,2,0xd229320,1448,"RecordWriteStub"
code-creation,Stub,2,0xd2298e0,255,"StoreArrayLiteralElementStub"
code-creation,LazyCompile,0,0xd2299e0,408,"IN native runtime.js:204:12",0xce10694,
code-creation,Stub,12,0xd229b80,104,"CompareICStub"
code-creation,Stub,14,0xd229c00,93,"ToBooleanStub(None)"
code-creation,LazyCompile,0,0xd229c60,692,"INSTANCE_OF native runtime.js:211:21",0xce106f4,
code-creation,LazyCompile,0,0xd229f20,224,"FILTER_KEY native runtime.js:229:20",0xce10754,
code-creation,Stub,2,0xd22a000,350,"ArgumentsAccessStub_NewSloppyFast"
code-creation,LazyCompile,0,0xd22a160,376,"CALL_NON_FUNCTION native runtime.js:234:27",0xce107b4,
code-creation,LazyCompile,0,0xd22a2e0,376,"CALL_NON_FUNCTION_AS_CONSTRUCTOR native runtime.js:241:42",0xce10814,
code-creation,Stub,2,0xd22a460,130,"ArgumentsAccessStub_ReadElement"
code-creation,LazyCompile,0,0xd22a500,252,"CALL_FUNCTION_PROXY native runtime.js:248:29",0xce10874,~
code-creation,LazyCompile,0,0xd22a600,224,"CALL_FUNCTION_PROXY_AS_CONSTRUCTOR native runtime.js:254:44",0xce108d4,~
code-creation,LazyCompile,0,0xd22a6e0,176,"TO_OBJECT native runtime.js:284:19",0xce109f4,
code-creation,LazyCompile,0,0xd22a7a0,176,"TO_NUMBER native runtime.js:287:19",0xce10a54,
code-creation,LazyCompile,0,0xd22a860,176,"TO_STRING native runtime.js:290:19",0xce10ab4,
code-creation,Stub,2,0xd22a920,172,"DoubleToIStub"
code-creation,Stub,2,0xd22a9e0,430,"NumberToStringStub"
code-creation,LazyCompile,0,0xd22aba0,648,"STRING_ADD_LEFT native runtime.js:112:25",0xce101b4,
code-creation,LazyCompile,0,0xd22ae40,660,"STRING_ADD_RIGHT native runtime.js:124:26",0xce10214,
code-creation,Stub,12,0xd22b0e0,104,"CompareICStub"
code-creation,Stub,12,0xd22b160,104,"CompareICStub"
code-creation,Stub,12,0xd22b1e0,104,"CompareICStub"
code-creation,LazyCompile,0,0xd22b260,1144,"APPLY_PREPARE native runtime.js:259:23",0xce10934,
code-creation,LazyCompile,0,0xd22b6e0,212,"STACK_OVERFLOW native runtime.js:281:24",0xce10994,
code-creation,Stub,8,0xd22b7c0,299,"CallICStub(args(0), FUNCTION, "
code-creation,Stub,8,0xd22b900,302,"CallICStub(args(12), FUNCTION, "
code-creation,Stub,8,0xd22ba40,312,"CallICStub(args(38), FUNCTION, "
code-creation,Stub,8,0xd22bb80,302,"CallICStub(args(3), FUNCTION, "
code-creation,Script,0,0xd22bcc0,1232,"native v8natives.js",0xce156bc,~
code-creation,Stub,8,0xd22c1a0,302,"CallICStub(args(10), FUNCTION, "
code-creation,LazyCompile,0,0xd22c2e0,476,"SetUpGlobal native v8natives.js:114:21",0xce12748,~
code-creation,Stub,2,0xd22c4c0,197,"ArrayConstructorStub_More_Than_One"
code-creation,Stub,8,0xd22c5a0,283,"CallIC_ArrayStub(args(10), FUNCTION,  (Array)"
code-creation,LazyCompile,0,0xd22c6c0,568,"InstallFunctions native v8natives.js:4:26",0xce12338,~
code-creation,Stub,12,0xd22c900,122,"CompareICStub"
code-creation,Stub,11,0xd22c980,156,"BinaryOpICStub(SAR:Smi*Smi->Smi)"
code-creation,Stub,12,0xd22ca20,122,"CompareICStub"
code-creation,Stub,2,0xd22caa0,188,"LoadElementStub"
code-creation,KeyedLoadIC,7,0xd22cb60,93,""
code-creation,Stub,11,0xd22cbc0,148,"BinaryOpICStub(ADD:Smi*Smi->Smi)"
code-creation,Stub,3,0xd22cc60,76,"LoadFieldStub"
code-creation,LoadIC,6,0xd22ccc0,93,"length"
code-creation,Stub,8,0xd22cd20,283,"CallIC_ArrayStub(args(12), FUNCTION,  (Array)"
code-creation,Stub,8,0xd22ce40,289,"CallIC_ArrayStub(args(38), FUNCTION,  (Array)"
code-creation,Stub,2,0xd22cf80,196,"ToNumberStub"
code-creation,LazyCompile,0,0xd22d060,840,"SetUpLockedPrototype native v8natives.js:45:30",0xce124b8,~
code-creation,Stub,14,0xd22d3c0,148,"ToBooleanStub(SpecObject)"
code-creation,Stub,11,0xd22d460,148,"BinaryOpICStub(ADD_ReuseLeft:Smi*Smi->Smi)"
code-creation,LoadIC,6,0xd22d500,93,"length"
code-creation,LoadIC,6,0xd22d560,93,"length"
code-creation,Stub,8,0xd22d5c0,302,"CallICStub(args(20), FUNCTION, "
code-creation,Stub,8,0xd22d700,302,"CallICStub(args(4), FUNCTION, "
code-creation,Stub,8,0xd22d840,302,"CallICStub(args(30), FUNCTION, "
code-creation,LazyCompile,0,0xd22d980,1044,"SetUpObject native v8natives.js:1032:21",0xce141dc,~
code-creation,Stub,8,0xd22dda0,302,"CallICStub(args(1), FUNCTION, "
code-creation,LazyCompile,0,0xd22dee0,376,"ObjectConstructor native v8natives.js:1023:27",0xce14160,~
code-creation,LazyCompile,0,0xd22dee0,376,"ObjectConstructor native v8natives.js:1023:27",0xce14160,~
code-creation,Stub,8,0xd22e060,283,"CallIC_ArrayStub(args(20), FUNCTION,  (Array)"
code-creation,LoadIC,6,0xd22e180,93,"length"
code-creation,LoadIC,6,0xd22e1e0,93,"length"
code-creation,LazyCompile,0,0xd22e240,272,"InstallGetterSetter native v8natives.js:24:29",0xce123f8,~
code-creation,Stub,8,0xd22e360,283,"CallIC_ArrayStub(args(30), FUNCTION,  (Array)"
code-creation,LazyCompile,0,0xd22e480,464,"SetUpBoolean native v8natives.js:1093:22",0xce14398,~
code-creation,LazyCompile,0,0xd22e660,320,"BooleanConstructor native v8natives.js:1070:28",0xce1424c,~
code-creation,LazyCompile,0,0xd22e660,320,"BooleanConstructor native v8natives.js:1070:28",0xce1424c,~
code-creation,LazyCompile,0,0xd22e7a0,520,"ToBoolean native runtime.js:300:19",0xce10b80,~
code-creation,Stub,8,0xd22e9c0,283,"CallIC_ArrayStub(args(4), FUNCTION,  (Array)"
code-creation,Stub,2,0xd22eae0,525,"MathPowStub"
code-creation,Stub,8,0xd22ed00,302,"CallICStub(args(16), FUNCTION, "
code-creation,Stub,8,0xd22ee40,302,"CallICStub(args(2), FUNCTION, "
code-creation,LazyCompile,0,0xd22ef80,1020,"SetUpNumber native v8natives.js:1212:21",0xce148cc,~
code-creation,LazyCompile,0,0xd22f380,356,"NumberConstructor native v8natives.js:1104:27",0xce14404,~
code-creation,LazyCompile,0,0xd22f380,356,"NumberConstructor native v8natives.js:1104:27",0xce14404,~
code-creation,Stub,12,0xd22f500,116,"CompareICStub"
code-creation,LazyCompile,0,0xd22f580,680,"ToNumber native runtime.js:307:18",0xce10bf0,
code-creation,Stub,8,0xd22f840,283,"CallIC_ArrayStub(args(16), FUNCTION,  (Array)"
code-creation,LazyCompile,0,0xd22f960,520,"InstallConstants native v8natives.js:33:26",0xce12458,~
code-creation,LoadIC,6,0xd22fb80,93,"length"
code-creation,LazyCompile,0,0xd22fbe0,388,"SetUpFunction native v8natives.js:1339:23",0xce14b64,~
code-creation,Stub,2,0xd22fd80,205,"FastNewContextStub"
code-creation,LazyCompile,0,0xd22fe60,444,"FunctionConstructor native v8natives.js:1330:29",0xce14af4,~
code-creation,LazyCompile,0,0xd22fe60,444,"FunctionConstructor native v8natives.js:1330:29",0xce14af4,~
code-creation,Script,0,0xd230020,684,"native symbol.js",0xce17234,~
code-creation,LazyCompile,0,0xd2302e0,252,"InternalSymbol native symbol.js:25:24",0xce16ee4,~
code-creation,Stub,3,0xd2303e0,80,"LoadFieldStub"
code-creation,LoadIC,6,0xd230440,93,"for_intern"
code-creation,KeyedLoadIC,7,0xd2304a0,105,"Symbol.isConcatSpreadable"
code-creation,LazyCompile,0,0xd230520,716,"SetUpSymbol native symbol.js:59:21",0xce170b0,~
code-creation,LazyCompile,0,0xd230800,348,"SymbolConstructor native symbol.js:4:27",0xce16dac,~
code-creation,LazyCompile,0,0xd230800,348,"SymbolConstructor native symbol.js:4:27",0xce16dac,~
code-creation,Stub,13,0xd230960,124,"CompareNilICStub(NullValue)(Undefined)"
code-creation,LoadIC,6,0xd2309e0,93,"length"
code-creation,LoadIC,6,0xd230a40,93,"length"
code-creation,LazyCompile,0,0xd230aa0,252,"ExtendObject native symbol.js:78:22",0xce17120,~
code-creation,Stub,8,0xd230ba0,283,"CallIC_ArrayStub(args(2), FUNCTION,  (Array)"
code-creation,Script,0,0xd230cc0,260,"native array.js",0xce18ca8,~
code-creation,Stub,2,0xd230de0,1453,"RecordWriteStub"
code-creation,Stub,2,0xd2313a0,1789,"RecordWriteStub"
code-creation,Stub,2,0xd231aa0,482,"FastNewClosureStub"
code-creation,Stub,8,0xd231ca0,312,"CallICStub(args(42), FUNCTION, "
code-creation,Stub,8,0xd231de0,302,"CallICStub(args(6), FUNCTION, "
code-creation,LazyCompile,0,0xd231f20,2516,"SetUpArray native array.js:1105:20",0xce18abc,~
code-creation,Stub,8,0xd232900,390,"CallICStub(args(1), METHOD, "
code-creation,LazyCompile,0,0xd232aa0,276,"SetUpArray.c native array.js:1124:15",0xce195d0,~
code-creation,LazyCompile,0,0xd232bc0,496,"hasOwnProperty native v8natives.js:141:30",0xce12908,~
code-creation,Stub,14,0xd232dc0,136,"ToBooleanStub(Bool)"
code-creation,LazyCompile,0,0xd232e60,224,"ToName native runtime.js:343:16",0xce10d80,
code-creation,LazyCompile,0,0xd232f40,620,"ToString native runtime.js:328:18",0xce10cc0,
code-creation,Stub,3,0xd2331c0,84,"LoadConstantStub"
code-creation,Stub,3,0xd233220,100,"hasOwnProperty"
code-creation,LoadIC,6,0xd2332a0,93,"hasOwnProperty"
code-creation,Stub,3,0xd233300,73,"ToName"
code-creation,LoadIC,6,0xd233360,93,"ToName"
code-creation,Stub,3,0xd2333c0,73,"ToString"
code-creation,LoadIC,6,0xd233420,93,"ToString"
code-creation,Stub,3,0xd233480,84,"LoadConstantStub"
code-creation,KeyedLoadIC,7,0xd2334e0,105,"push"
code-creation,Stub,3,0xd233560,84,"LoadConstantStub"
code-creation,Stub,8,0xd2335c0,289,"CallIC_ArrayStub(args(42), FUNCTION,  (Array)"
code-creation,Stub,2,0xd233700,197,"ArrayConstructorStub_None"
code-creation,Stub,8,0xd2337e0,280,"CallIC_ArrayStub(args(0), FUNCTION,  (Array)"
code-creation,Stub,3,0xd233900,102,"FunctionPrototypeStub"
code-creation,LoadIC,6,0xd233980,93,"prototype"
code-creation,LoadIC,6,0xd2339e0,93,"length"
code-creation,LoadIC,6,0xd233a40,93,"length"
code-creation,LoadPolymorphicIC,6,0xd233aa0,105,"length"
code-creation,Stub,8,0xd233b20,283,"CallIC_ArrayStub(args(6), FUNCTION,  (Array)"
code-creation,Script,0,0xd233c40,356,"native string.js",0xce1b3bc,~
code-creation,Stub,8,0xd233dc0,312,"CallICStub(args(72), FUNCTION, "
code-creation,LazyCompile,0,0xd233f00,1216,"SetUpString native string.js:620:21",0xce1b188,~
code-creation,LazyCompile,0,0xd2343c0,420,"StringConstructor native string.js:2:27",0xce19de4,~
code-creation,LazyCompile,0,0xd2343c0,420,"StringConstructor native string.js:2:27",0xce19de4,~
code-creation,Stub,8,0xd234580,289,"CallIC_ArrayStub(args(72), FUNCTION,  (Array)"
code-creation,Stub,2,0xd2346c0,281,"FastNewContextStub"
code-creation,Stub,2,0xd2347e0,1448,"RecordWriteStub"
code-creation,Function,0,0xd234da0,892," native uri.js:3:10",0xce1c674,~
code-creation,Script,0,0xd235120,192,"native uri.js",0xce1c700,~
code-creation,Script,0,0xd2351e0,156,"native fdlibm.js",0xce1cadc,~
code-creation,Script,0,0xd235280,332,"native math.js",0xce1dd48,~
code-creation,LazyCompile,0,0xd2353e0,128,"MathConstructor native math.js:5:25",0xce1cc88,~
code-creation,Stub,8,0xd235460,312,"CallICStub(args(70), FUNCTION, "
code-creation,LazyCompile,0,0xd2355a0,1328,"SetUpMath native math.js:246:19",0xce1db7c,~
code-creation,Stub,8,0xd235ae0,289,"CallIC_ArrayStub(args(70), FUNCTION,  (Array)"
code-creation,Stub,8,0xd235c20,302,"CallICStub(args(7), FUNCTION, "
code-creation,Stub,8,0xd235d60,302,"CallICStub(args(14), FUNCTION, "
code-creation,Stub,8,0xd235ea0,302,"CallICStub(args(5), FUNCTION, "
code-creation,Stub,8,0xd235fe0,312,"CallICStub(args(32), FUNCTION, "
code-creation,StoreInitialize,9,0xd236120,84,"args_count: 0"
code-creation,Script,0,0xd236180,2372,"native messages.js",0xce2177c,~
code-creation,LazyCompile,0,0xd236ae0,188," native messages.js:254:25",0xce215a8,~
code-creation,LazyCompile,0,0xd236ae0,188," native messages.js:254:25",0xce215a8,~
code-creation,Stub,8,0xd236ba0,283,"CallIC_ArrayStub(args(7), FUNCTION,  (Array)"
code-creation,Stub,8,0xd236cc0,283,"CallIC_ArrayStub(args(14), FUNCTION,  (Array)"
code-creation,LoadIC,6,0xd236de0,93,"length"
code-creation,LoadIC,6,0xd236e40,93,"prototype"
code-creation,Stub,8,0xd236ea0,283,"CallIC_ArrayStub(args(5), FUNCTION,  (Array)"
code-creation,LoadIC,6,0xd236fc0,93,"prototype"
code-creation,Stub,8,0xd237020,283,"CallIC_ArrayStub(args(3), FUNCTION,  (Array)"
code-creation,Stub,8,0xd237140,289,"CallIC_ArrayStub(args(32), FUNCTION,  (Array)"
code-creation,LoadIC,6,0xd237280,93,"prototype"
code-creation,Stub,2,0xd2372e0,482,"FastNewClosureStub"
code-creation,LazyCompile,0,0xd2374e0,416,"SetUpError native messages.js:837:20",0xce1f930,~
code-creation,LazyCompile,0,0xd237680,652,"SetUpError.a native messages.js:838:15",0xce24140,~
code-creation,Stub,2,0xd237920,834,"BinaryOpWithAllocationSiteStub(ADD_CreateAllocationMementos:String*String->String)"
code-creation,Stub,11,0xd237c80,74,"BinaryOpICWithAllocationSiteStub(ADD_CreateAllocationMementos:String*String->String)"
code-creation,Stub,11,0xd237ce0,74,"BinaryOpICWithAllocationSiteStub(ADD_CreateAllocationMementos:String*String->String)"
code-creation,Stub,12,0xd237d40,141,"CompareICStub"
code-creation,LazyCompile,0,0xd237de0,128,"d native messages.js:844:15",0xce244b8,~
code-creation,LazyCompile,0,0xd237e60,456," native messages.js:854:20",0xce2452c,
code-creation,LazyCompile,0,0xd237e60,456," native messages.js:854:20",0xce2452c,
code-creation,Stub,2,0xd238040,278,"CallApiGetterStub"
code-creation,Stub,3,0xd238160,100,"name"
code-creation,LoadIC,6,0xd2381e0,93,"name"
code-creation,Stub,3,0xd238240,73,"global"
code-creation,LoadIC,6,0xd2382a0,93,"global"
code-creation,Stub,3,0xd238300,73,"builtins"
code-creation,LoadIC,6,0xd238360,93,"builtins"
code-creation,LazyCompile,0,0xd2383c0,328,"captureStackTrace native messages.js:831:49",0xce216e0,~
code-creation,StorePreMonomorphic,9,0xd238520,84,"args_count: 0"
code-creation,LazyCompile,0,0xd238580,984,"defineProperty native v8natives.js:833:30",0xce13b50,~
code-creation,LazyCompile,0,0xd238960,1660,"ToPropertyDescriptor native v8natives.js:269:30",0xce12fdc,~
code-creation,LazyCompile,0,0xd238fe0,356,"PropertyDescriptor native v8natives.js:318:28",0xce130e0,~
code-creation,LoadIC,6,0xd239160,93,"ToName"
code-creation,LazyCompile,0,0xd2391c0,164,"$Array.get_ native v8natives.js:379:27",0xce15330,~
code-creation,Stub,12,0xd239280,141,"CompareICStub"
code-creation,LazyCompile,0,0xd239320,164,"$Array.set_ native v8natives.js:389:18",0xce15450,~
code-creation,LazyCompile,0,0xd2393e0,164," native v8natives.js:399:18",0xce15570,~
code-creation,LazyCompile,0,0xd2394a0,236,"IsInconsistentDescriptor native v8natives.js:230:34",0xce12e10,~
code-creation,Stub,8,0xd2395a0,387,"CallICStub(args(0), METHOD, "
code-creation,LazyCompile,0,0xd239740,280,"IsAccessorDescriptor native v8natives.js:218:30",0xce12cc0,~
code-creation,LazyCompile,0,0xd239860,144,"$Array.set_ native v8natives.js:396:21",0xce15510,~
code-creation,LazyCompile,0,0xd239900,280,"IsDataDescriptor native v8natives.js:222:26",0xce12d30,~
code-creation,LazyCompile,0,0xd239a20,144,"$Array.enumerable_ native v8natives.js:356:20",0xce15090,~
code-creation,LazyCompile,0,0xd239ac0,144,"$Array.configurable_ native v8natives.js:376:23",0xce152d0,~
code-creation,LazyCompile,0,0xd239b60,480,"DefineOwnProperty native v8natives.js:708:27",0xce1379c,~
code-creation,LazyCompile,0,0xd239d40,5748,"DefineObjectProperty native v8natives.js:494:30",0xce13640,~
code-creation,LazyCompile,0,0xd23b3c0,636,"ToObject native runtime.js:346:18",0xce10df4,
code-creation,Stub,13,0xd23b640,132,"CompareNilICStub(NullValue)(MonomorphicMap)"
code-creation,Stub,13,0xd23b6e0,132,"CompareNilICStub(NullValue)(MonomorphicMap)"
code-creation,Stub,12,0xd23b780,477,"CompareICStub"
code-creation,LazyCompile,0,0xd23b960,672,"ConvertDescriptorArrayToDescriptor native v8natives.js:409:44",0xce13164,~
code-creation,Stub,2,0xd23bc00,1433,"RecordWriteStub"
code-creation,Stub,3,0xd23c1a0,206,"value_"
code-creation,StoreIC,9,0xd23c280,93,"value_"
code-creation,Stub,3,0xd23c2e0,206,"hasValue_"
code-creation,StoreIC,9,0xd23c3c0,93,"hasValue_"
code-creation,Stub,3,0xd23c420,206,"writable_"
code-creation,StoreIC,9,0xd23c500,93,"writable_"
code-creation,Stub,3,0xd23c560,206,"hasWritable_"
code-creation,StoreIC,9,0xd23c640,93,"hasWritable_"
code-creation,Stub,3,0xd23c6a0,206,"enumerable_"
code-creation,StoreIC,9,0xd23c780,93,"enumerable_"
code-creation,Stub,3,0xd23c7e0,206,"hasEnumerable_"
code-creation,StoreIC,9,0xd23c8c0,93,"hasEnumerable_"
code-creation,Stub,3,0xd23c920,206,"configurable_"
code-creation,StoreIC,9,0xd23ca00,93,"configurable_"
code-creation,Stub,3,0xd23ca60,206,"hasConfigurable_"
code-creation,StoreIC,9,0xd23cb40,93,"hasConfigurable_"
code-creation,Stub,3,0xd23cba0,206,"get_"
code-creation,StoreIC,9,0xd23cc80,93,"get_"
code-creation,Stub,3,0xd23cce0,206,"hasGetter_"
code-creation,StoreIC,9,0xd23cdc0,93,"hasGetter_"
code-creation,Stub,3,0xd23ce20,206,"set_"
code-creation,StoreIC,9,0xd23cf00,93,"set_"
code-creation,Stub,3,0xd23cf60,206,"hasSetter_"
code-creation,StoreIC,9,0xd23d040,93,"hasSetter_"
code-creation,Stub,2,0xd23d0a0,208,"LoadElementStub"
code-creation,KeyedLoadIC,7,0xd23d180,93,""
code-creation,LazyCompile,0,0xd23d1e0,164,"$Array.enumerable_ native v8natives.js:349:20",0xce14fd0,~
code-creation,LazyCompile,0,0xd23d2a0,164,"$Array.configurable_ native v8natives.js:369:23",0xce15210,~
code-creation,LazyCompile,0,0xd23d360,164,"$Array.writable_ native v8natives.js:359:25",0xce150f0,~
code-creation,Stub,2,0xd23d420,1785,"RecordWriteStub"
code-creation,Stub,3,0xd23db20,148,"StoreFieldStub"
code-creation,StoreIC,9,0xd23dbc0,93,"configurable_"
code-creation,Stub,3,0xd23dc20,148,"StoreFieldStub"
code-creation,StoreIC,9,0xd23dcc0,93,"hasConfigurable_"
code-creation,LazyCompile,0,0xd23dd20,296,"IsGenericDescriptor native v8natives.js:226:29",0xce12da0,~
code-creation,Stub,3,0xd23de60,88,"LoadConstantStub"
code-creation,Stub,3,0xd23dec0,100,"hasGetter"
code-creation,LoadIC,6,0xd23df40,93,"hasGetter"
code-creation,Stub,3,0xd23dfa0,76,"LoadFieldStub"
code-creation,LoadIC,6,0xd23e000,93,"hasGetter_"
code-creation,Stub,3,0xd23e060,88,"LoadConstantStub"
code-creation,Stub,3,0xd23e0c0,100,"hasValue"
code-creation,LoadIC,6,0xd23e140,93,"hasValue"
code-creation,Stub,3,0xd23e1a0,76,"LoadFieldStub"
code-creation,LoadIC,6,0xd23e200,93,"hasValue_"
code-creation,Stub,3,0xd23e260,88,"LoadConstantStub"
code-creation,Stub,3,0xd23e2c0,100,"hasWritable"
code-creation,LoadIC,6,0xd23e340,93,"hasWritable"
code-creation,Stub,3,0xd23e3a0,76,"LoadFieldStub"
code-creation,LoadIC,6,0xd23e400,93,"hasWritable_"
code-creation,Stub,12,0xd23e460,453,"CompareICStub"
code-creation,LazyCompile,0,0xd23e640,144,"$Array.get_ native v8natives.js:386:26",0xce153f0,~
code-creation,LazyCompile,0,0xd23e6e0,144,"$Array.writable_ native v8natives.js:366:25",0xce151b0,~
code-creation,LazyCompile,0,0xd23e780,144,"$Array.writable_ native v8natives.js:363:24",0xce15150,~
code-creation,Stub,11,0xd23e820,136,"BinaryOpICStub(BIT_OR:Smi*Smi->Smi)"
code-creation,LazyCompile,0,0xd23e8c0,144,"$Array.get_ native v8natives.js:383:27",0xce15390,~
code-creation,Stub,3,0xd23e960,76,"LoadFieldStub"
code-creation,LoadIC,6,0xd23e9c0,93,"configurable_"
code-creation,Stub,3,0xd23ea20,73,"IsAccessorDescriptor"
code-creation,LoadIC,6,0xd23ea80,93,"IsAccessorDescriptor"
code-creation,LazyCompile,0,0xd23eae0,144,"$Array.set_ native v8natives.js:393:18",0xce154b0,~
code-creation,LazyCompile,0,0xd23eb80,144," native v8natives.js:406:21",0xce15630,~
code-creation,LazyCompile,0,0xd23ec20,144," native v8natives.js:403:18",0xce155d0,~
code-creation,LazyCompile,0,0xd237e60,456," native messages.js:854:20",0xce2452c,
code-creation,Stub,3,0xd23ecc0,73,"$Error"
code-creation,LoadIC,6,0xd23ed20,93,"$Error"
code-creation,Stub,3,0xd23ed80,73,"captureStackTrace"
code-creation,LoadIC,6,0xd23ede0,93,"captureStackTrace"
code-creation,Stub,3,0xd23ee40,73,"ObjectDefineProperty"
code-creation,LoadIC,6,0xd23eea0,93,"ObjectDefineProperty"
code-creation,Stub,3,0xd23ef00,73,"StackTraceGetter"
code-creation,LoadIC,6,0xd23ef60,93,"StackTraceGetter"
code-creation,Stub,3,0xd23efc0,148,"StoreFieldStub"
code-creation,StoreIC,9,0xd23f060,93,"get"
code-creation,Stub,3,0xd23f0c0,73,"StackTraceSetter"
code-creation,LoadIC,6,0xd23f120,93,"StackTraceSetter"
code-creation,Stub,3,0xd23f180,148,"StoreFieldStub"
code-creation,StoreIC,9,0xd23f220,93,"set"
code-creation,Stub,3,0xd23f280,73,"ToPropertyDescriptor"
code-creation,LoadIC,6,0xd23f2e0,93,"ToPropertyDescriptor"
code-creation,Stub,3,0xd23f340,73,"PropertyDescriptor"
code-creation,LoadIC,6,0xd23f3a0,93,"PropertyDescriptor"
code-creation,Stub,3,0xd23f400,88,"LoadConstantStub"
code-creation,Stub,3,0xd23f460,100,"setConfigurable"
code-creation,LoadIC,6,0xd23f4e0,93,"setConfigurable"
code-creation,Stub,3,0xd23f540,73,"ToBoolean"
code-creation,LoadIC,6,0xd23f5a0,93,"ToBoolean"
code-creation,Stub,3,0xd23f600,76,"LoadFieldStub"
code-creation,LoadIC,6,0xd23f660,93,"configurable"
code-creation,LoadIC,6,0xd23f6c0,93,"get"
code-creation,Stub,3,0xd23f720,88,"LoadConstantStub"
code-creation,Stub,3,0xd23f780,100,"setGet"
code-creation,LoadIC,6,0xd23f800,93,"setGet"
code-creation,Stub,3,0xd23f860,148,"StoreFieldStub"
code-creation,StoreIC,9,0xd23f900,93,"get_"
code-creation,Stub,3,0xd23f960,148,"StoreFieldStub"
code-creation,StoreIC,9,0xd23fa00,93,"hasGetter_"
code-creation,LoadIC,6,0xd23fa60,93,"set"
code-creation,Stub,3,0xd23fac0,88,"LoadConstantStub"
code-creation,Stub,3,0xd23fb20,100,"setSet"
code-creation,LoadIC,6,0xd23fba0,93,"setSet"
code-creation,Stub,3,0xd23fc00,148,"StoreFieldStub"
code-creation,StoreIC,9,0xd23fca0,93,"set_"
code-creation,Stub,3,0xd23fd00,148,"StoreFieldStub"
code-creation,StoreIC,9,0xd23fda0,93,"hasSetter_"
code-creation,Stub,3,0xd23fe00,73,"IsInconsistentDescriptor"
code-creation,LoadIC,6,0xd23fe60,93,"IsInconsistentDescriptor"
code-creation,Stub,3,0xd23fec0,73,"IsDataDescriptor"
code-creation,LoadIC,6,0xd23ff20,93,"IsDataDescriptor"
code-creation,Stub,3,0xd23ff80,73,"DefineOwnProperty"
code-creation,LoadIC,6,0xd23ffe0,93,"DefineOwnProperty"
code-creation,Stub,3,0xd240040,73,"DefineObjectProperty"
code-creation,LoadIC,6,0xd2400a0,93,"DefineObjectProperty"
code-creation,Stub,3,0xd240100,73,"ToObject"
code-creation,LoadIC,6,0xd240160,93,"ToObject"
code-creation,Stub,3,0xd2401c0,73,"ConvertDescriptorArrayToDescriptor"
code-creation,LoadIC,6,0xd240220,93,"ConvertDescriptorArrayToDescriptor"
code-creation,Stub,3,0xd240280,88,"LoadConstantStub"
code-creation,Stub,3,0xd2402e0,100,"setValue"
code-creation,LoadIC,6,0xd240360,93,"setValue"
code-creation,StoreIC,9,0xd2403c0,93,"value_"
code-creation,StoreIC,9,0xd240420,93,"hasValue_"
code-creation,Stub,3,0xd240480,88,"LoadConstantStub"
code-creation,Stub,3,0xd2404e0,100,"setWritable"
code-creation,LoadIC,6,0xd240560,93,"setWritable"
code-creation,Stub,3,0xd2405c0,148,"StoreFieldStub"
code-creation,StoreIC,9,0xd240660,93,"writable_"
code-creation,Stub,3,0xd2406c0,148,"StoreFieldStub"
code-creation,StoreIC,9,0xd240760,93,"hasWritable_"
code-creation,Stub,3,0xd2407c0,88,"LoadConstantStub"
code-creation,Stub,3,0xd240820,100,"setEnumerable"
code-creation,LoadIC,6,0xd2408a0,93,"setEnumerable"
code-creation,Stub,3,0xd240900,148,"StoreFieldStub"
code-creation,StoreIC,9,0xd2409a0,93,"enumerable_"
code-creation,Stub,3,0xd240a00,148,"StoreFieldStub"
code-creation,StoreIC,9,0xd240aa0,93,"hasEnumerable_"
code-creation,LoadIC,6,0xd240b00,93,"setConfigurable"
code-creation,Stub,3,0xd240b60,73,"IsGenericDescriptor"
code-creation,LoadIC,6,0xd240bc0,93,"IsGenericDescriptor"
code-creation,Stub,3,0xd240c20,88,"LoadConstantStub"
code-creation,Stub,3,0xd240c80,100,"isConfigurable"
code-creation,LoadIC,6,0xd240d00,93,"isConfigurable"
code-creation,Stub,3,0xd240d60,88,"LoadConstantStub"
code-creation,Stub,3,0xd240dc0,100,"hasEnumerable"
code-creation,LoadIC,6,0xd240e40,93,"hasEnumerable"
code-creation,Stub,3,0xd240ea0,76,"LoadFieldStub"
code-creation,LoadIC,6,0xd240f00,93,"hasEnumerable_"
code-creation,Stub,3,0xd240f60,88,"LoadConstantStub"
code-creation,Stub,3,0xd240fc0,100,"isEnumerable"
code-creation,LoadIC,6,0xd241040,93,"isEnumerable"
code-creation,Stub,3,0xd2410a0,76,"LoadFieldStub"
code-creation,LoadIC,6,0xd241100,93,"enumerable_"
code-creation,Stub,3,0xd241160,88,"LoadConstantStub"
code-creation,Stub,3,0xd2411c0,100,"hasConfigurable"
code-creation,LoadIC,6,0xd241240,93,"hasConfigurable"
code-creation,Stub,3,0xd2412a0,76,"LoadFieldStub"
code-creation,LoadIC,6,0xd241300,93,"hasConfigurable_"
code-creation,LoadIC,6,0xd241360,93,"isConfigurable"
code-creation,LoadIC,6,0xd2413c0,93,"hasGetter"
code-creation,Stub,3,0xd241420,88,"LoadConstantStub"
code-creation,Stub,3,0xd241480,100,"getGet"
code-creation,LoadIC,6,0xd241500,93,"getGet"
code-creation,Stub,3,0xd241560,76,"LoadFieldStub"
code-creation,LoadIC,6,0xd2415c0,93,"get_"
code-creation,Stub,3,0xd241620,88,"LoadConstantStub"
code-creation,Stub,3,0xd241680,100,"hasSetter"
code-creation,LoadIC,6,0xd241700,93,"hasSetter"
code-creation,Stub,3,0xd241760,76,"LoadFieldStub"
code-creation,LoadIC,6,0xd2417c0,93,"hasSetter_"
code-creation,Stub,3,0xd241820,88,"LoadConstantStub"
code-creation,Stub,3,0xd241880,100,"getSet"
code-creation,LoadIC,6,0xd241900,93,"getSet"
code-creation,Stub,3,0xd241960,76,"LoadFieldStub"
code-creation,LoadIC,6,0xd2419c0,93,"set_"
code-creation,LazyCompile,0,0xd237e60,456," native messages.js:854:20",0xce2452c,
code-creation,LazyCompile,0,0xd237e60,456," native messages.js:854:20",0xce2452c,
code-creation,LazyCompile,0,0xd237e60,456," native messages.js:854:20",0xce2452c,
code-creation,LazyCompile,0,0xd237e60,456," native messages.js:854:20",0xce2452c,
code-creation,LazyCompile,0,0xd237e60,456," native messages.js:854:20",0xce2452c,
code-creation,LazyCompile,0,0xd241a20,256,"SetUpStackOverflowBoilerplate native messages.js:927:39",0xce1fae4,~
code-creation,LazyCompile,0,0xd241b20,188,"MakeRangeError native messages.js:281:24",0xce1e82c,~
code-creation,LazyCompile,0,0xd241be0,256,"MakeGenericError native messages.js:247:26",0xce1e608,~
code-creation,LazyCompile,0,0xd241ce0,252,"FormatMessage native messages.js:257:23",0xce1e674,~
code-creation,LazyCompile,0,0xd241de0,1492,"FormatString native messages.js:161:22",0xce1e3f0,
code-creation,Stub,11,0xd2423c0,74,"BinaryOpICWithAllocationSiteStub(ADD_CreateAllocationMementos:String*String->String)"
code-creation,LoadIC,6,0xd242420,93,"length"
code-creation,Stub,13,0xd242480,124,"CompareNilICStub(NullValue)(Generic)"
code-creation,Script,0,0xd242500,264,"native apinatives.js",0xce25c5c,~
code-creation,Script,0,0xd242620,612,"native date.js",0xce27e9c,~
code-creation,Stub,2,0xd2428a0,240,"ArrayConstructorStub_One"
code-creation,Stub,8,0xd2429a0,283,"CallIC_ArrayStub(args(1), FUNCTION,  (Array)"
code-creation,Stub,8,0xd242ac0,312,"CallICStub(args(92), FUNCTION, "
code-creation,LazyCompile,0,0xd242c00,1460,"SetUpDate native date.js:489:19",0xce27b38,~
code-creation,StoreInitialize,9,0xd2431c0,84,"args_count: 0"
code-creation,Stub,12,0xd243220,104,"CompareICStub"
code-creation,LazyCompile,0,0xd2432a0,2196,"DateConstructor native date.js:62:25",0xce261c4,~
code-creation,LazyCompile,0,0xd2432a0,2196,"DateConstructor native date.js:62:25",0xce261c4,~
code-creation,Stub,8,0xd243b40,289,"CallIC_ArrayStub(args(92), FUNCTION,  (Array)"
code-creation,Script,0,0xd243c80,248,"native json.js",0xce28fc4,~
code-creation,LazyCompile,0,0xd243d80,268,"SetUpJSON native json.js:193:19",0xce28e78,~
code-creation,Script,0,0xd243ea0,356,"native regexp.js",0xce29958,~
code-creation,Stub,8,0xd244020,302,"CallICStub(args(8), FUNCTION, "
code-creation,LazyCompile,0,0xd244160,1612,"SetUpRegExp native regexp.js:279:21",0xce29824,~
code-creation,LazyCompile,0,0xd2447c0,348,"RegExpConstructor native regexp.js:46:27",0xce292d8,~
code-creation,LazyCompile,0,0xd2447c0,348,"RegExpConstructor native regexp.js:46:27",0xce292d8,~
code-creation,Stub,8,0xd244920,283,"CallIC_ArrayStub(args(8), FUNCTION,  (Array)"
code-creation,LazyCompile,0,0xd244a40,772,"ToPrimitive native runtime.js:293:21",0xce10b20,
code-creation,Stub,2,0xd244d60,1032,"BinaryOpWithAllocationSiteStub(ADD_CreateAllocationMementos:String*Smi->String)"
code-creation,Stub,11,0xd245180,74,"BinaryOpICWithAllocationSiteStub(ADD_CreateAllocationMementos:String*Smi->String)"
code-creation,Stub,11,0xd2451e0,74,"BinaryOpICWithAllocationSiteStub(ADD_CreateAllocationMementos:String*Smi->String)"
code-creation,LazyCompile,0,0xd245240,156,"RegExpMakeCaptureGetter native regexp.js:255:33",0xce297b0,~
code-creation,Stub,3,0xd2452e0,73,"$RegExp"
code-creation,LoadIC,6,0xd245340,93,"$RegExp"
code-creation,Stub,3,0xd2453a0,73,"RegExpMakeCaptureGetter"
code-creation,LoadIC,6,0xd245400,93,"RegExpMakeCaptureGetter"
code-creation,Script,0,0xd245460,248,"native arraybuffer.js",0xce2a490,~
code-creation,LazyCompile,0,0xd245560,632,"SetUpArrayBuffer native arraybuffer.js:53:26",0xce2a3cc,~
code-creation,LazyCompile,0,0xd2457e0,332,"ArrayBufferConstructor native arraybuffer.js:4:32",0xce2a1f8,~
code-creation,LazyCompile,0,0xd2457e0,332,"ArrayBufferConstructor native arraybuffer.js:4:32",0xce2a1f8,~
code-creation,LazyCompile,0,0xd245940,216,"InstallGetter native v8natives.js:18:23",0xce12398,~
code-creation,Script,0,0xd245a20,768,"native typedarray.js",0xce2dcd0,~
code-creation,LazyCompile,0,0xd245d20,8056,"SetupTypedArrays native typedarray.js:1358:26",0xce2ce7c,~
code-creation,LazyCompile,0,0xd247ca0,704,"Uint8ArrayConstructor native typedarray.js:71:31",0xce2a8e4,~
code-creation,LazyCompile,0,0xd247ca0,704,"Uint8ArrayConstructor native typedarray.js:71:31",0xce2a8e4,~
code-creation,LazyCompile,0,0xd247f60,704,"Int8ArrayConstructor native typedarray.js:212:30",0xce2acf8,~
code-creation,LazyCompile,0,0xd247f60,704,"Int8ArrayConstructor native typedarray.js:212:30",0xce2acf8,~
code-creation,LazyCompile,0,0xd248220,704,"Uint16ArrayConstructor native typedarray.js:353:32",0xce2b10c,~
code-creation,LazyCompile,0,0xd248220,704,"Uint16ArrayConstructor native typedarray.js:353:32",0xce2b10c,~
code-creation,LazyCompile,0,0xd2484e0,704,"Int16ArrayConstructor native typedarray.js:494:31",0xce2b520,~
code-creation,LazyCompile,0,0xd2484e0,704,"Int16ArrayConstructor native typedarray.js:494:31",0xce2b520,~
code-creation,LazyCompile,0,0xd2487a0,704,"Uint32ArrayConstructor native typedarray.js:635:32",0xce2b934,~
code-creation,LazyCompile,0,0xd2487a0,704,"Uint32ArrayConstructor native typedarray.js:635:32",0xce2b934,~
code-creation,LazyCompile,0,0xd248a60,704,"Int32ArrayConstructor native typedarray.js:776:31",0xce2bd48,~
code-creation,LazyCompile,0,0xd248a60,704,"Int32ArrayConstructor native typedarray.js:776:31",0xce2bd48,~
code-creation,LazyCompile,0,0xd248d20,704,"Float32ArrayConstructor native typedarray.js:917:33",0xce2c15c,~
code-creation,LazyCompile,0,0xd248d20,704,"Float32ArrayConstructor native typedarray.js:917:33",0xce2c15c,~
code-creation,LazyCompile,0,0xd248fe0,704,"Float64ArrayConstructor native typedarray.js:1058:33",0xce2c570,~
code-creation,LazyCompile,0,0xd248fe0,704,"Float64ArrayConstructor native typedarray.js:1058:33",0xce2c570,~
code-creation,LazyCompile,0,0xd2492a0,704,"Uint8ClampedArrayConstructor native typedarray.js:1199:38",0xce2c984,~
code-creation,LazyCompile,0,0xd2492a0,704,"Uint8ClampedArrayConstructor native typedarray.js:1199:38",0xce2c984,~
code-creation,LazyCompile,0,0xd249560,976,"SetupDataView native typedarray.js:1794:23",0xce2d88c,~
code-creation,LazyCompile,0,0xd249940,1080,"DataViewConstructor native typedarray.js:1534:29",0xce2cefc,~
code-creation,LazyCompile,0,0xd249940,1080,"DataViewConstructor native typedarray.js:1534:29",0xce2cefc,~
code-creation,Script,0,0xd249d80,336,"native weak_collection.js",0xce30124,~
code-creation,LazyCompile,0,0xd249ee0,512,"SetUpWeakMap native weak_collection.js:78:22",0xce2fd78,~
code-creation,LazyCompile,0,0xd24a0e0,1220,"WeakMapConstructor native weak_collection.js:5:28",0xce2fae8,~
code-creation,LazyCompile,0,0xd24a0e0,1220,"WeakMapConstructor native weak_collection.js:5:28",0xce2fae8,~
code-creation,LazyCompile,0,0xd24a5c0,492,"SetUpWeakSet native weak_collection.js:151:22",0xce30018,~
code-creation,LazyCompile,0,0xd24a7c0,1044,"WeakSetConstructor native weak_collection.js:92:28",0xce2fdf4,~
code-creation,LazyCompile,0,0xd24a7c0,1044,"WeakSetConstructor native weak_collection.js:92:28",0xce2fdf4,~
code-creation,Stub,2,0xd24abe0,285,"FastNewContextStub"
code-creation,Function,0,0xd24ad00,1728," native promise.js:18:10",0xce31240,~
code-creation,Script,0,0xd24b3c0,496,"native promise.js",0xce312cc,~
code-creation,StorePreMonomorphic,9,0xd24b5c0,84,"args_count: 0"
code-creation,Function,0,0xd24b620,216," native object-observe.js:97:33",0xce3307c,~
code-creation,Script,0,0xd24b700,328,"native object-observe.js",0xce33108,~
code-creation,LazyCompile,0,0xd24b860,392,"TypeMapCreateFromList native object-observe.js:78:31",0xce31998,~
code-creation,LazyCompile,0,0xd24ba00,168,"TypeMapCreate native object-observe.js:69:23",0xce31868,~
code-creation,LazyCompile,0,0xd24bac0,184,"nullProtoObject native object-observe.js:66:25",0xce317fc,~
code-creation,LazyCompile,0,0xd24bb80,212,"TypeMapAddType native object-observe.js:72:24",0xce318c8,~
code-creation,Stub,3,0xd24bc60,73,"TypeMapAddType"
code-creation,LoadIC,6,0xd24bcc0,93,"TypeMapAddType"
code-creation,LazyCompile,0,0xd24bd20,572,"SetupObjectObserve native object-observe.js:476:28",0xce32dd4,~
code-creation,Script,0,0xd24bf60,336,"native collection.js",0xce3458c,~
code-creation,LazyCompile,0,0xd24c0c0,624,"SetUpSet native collection.js:80:18",0xce3406c,~
code-creation,LazyCompile,0,0xd24c340,1044,"SetConstructor native collection.js:5:24",0xce33d64,~
code-creation,LazyCompile,0,0xd24c340,1044,"SetConstructor native collection.js:5:24",0xce33d64,~
code-creation,LazyCompile,0,0xd24c760,644,"SetUpMap native collection.js:180:18",0xce34460,~
code-creation,LazyCompile,0,0xd24ca00,1220,"MapConstructor native collection.js:96:24",0xce340ec,~
code-creation,LazyCompile,0,0xd24ca00,1220,"MapConstructor native collection.js:96:24",0xce340ec,~
code-creation,Script,0,0xd24cee0,316,"native collection-iterator.js",0xce35308,~
code-creation,LazyCompile,0,0xd24d020,512,"SetUpSetIterator native collection-iterator.js:44:26",0xce34e2c,~
code-creation,LazyCompile,0,0xd24d220,152,"SetIteratorConstructor native collection-iterator.js:3:32",0xce34c0c,~
code-creation,LazyCompile,0,0xd24d220,152,"SetIteratorConstructor native collection-iterator.js:3:32",0xce34c0c,~
code-creation,LazyCompile,0,0xd24d2c0,372,"ExtendSetPrototype native collection-iterator.js:57:28",0xce34e9c,~
code-creation,LazyCompile,0,0xd24d440,512,"SetUpMapIterator native collection-iterator.js:115:26",0xce3518c,~
code-creation,LazyCompile,0,0xd24d640,152,"MapIteratorConstructor native collection-iterator.js:67:32",0xce34efc,~
code-creation,LazyCompile,0,0xd24d640,152,"MapIteratorConstructor native collection-iterator.js:67:32",0xce34efc,~
code-creation,LazyCompile,0,0xd24d6e0,372,"ExtendMapPrototype native collection-iterator.js:128:28",0xce351fc,~
code-creation,Script,0,0xd24d860,408,"native array-iterator.js",0xce35d74,~
code-creation,LazyCompile,0,0xd24da00,468,"SetUpArrayIterator native array-iterator.js:56:28",0xce35ba0,~
code-creation,LazyCompile,0,0xd24dbe0,372,"ExtendArrayPrototype native array-iterator.js:68:30",0xce35c10,~
code-creation,LazyCompile,0,0xd24dd60,2452,"ExtendTypedArrayPrototypes native array-iterator.js:78:36",0xce35c70,~
code-creation,Script,0,0xd24e700,324,"native string-iterator.js",0xce36464,~
code-creation,LazyCompile,0,0xd24e860,468,"SetUpStringIterator native string-iterator.js:46:29",0xce362bc,~
code-creation,LazyCompile,0,0xd24ea40,244,"ExtendStringPrototypeWithIterator native string-iterator.js:61:43",0xce36388,~
code-creation,Function,0,0xd24eb40,8972," native i18n.js:3:71",0xce38ee0,~
code-creation,Stub,8,0xd250e60,390,"CallICStub(args(3), METHOD, "
code-creation,Script,0,0xd251000,308,"native i18n.js",0xce38f6c,~
code-creation,Stub,2,0xd251140,217,"FastNewContextStub"
code-creation,LazyCompile,0,0xd251220,336,"addBoundMethod native i18n.js:112:24",0xce36ab0,~
code-creation,LoadPolymorphicIC,6,0xd251380,105,"configurable"
code-creation,LoadPolymorphicIC,6,0xd251400,105,"get"
code-creation,LoadIC,6,0xd251480,93,"prototype"
code-creation,StoreIC,9,0xd2514e0,93,"get"
code-creation,LoadIC,6,0xd251540,93,"setEnumerable"
code-creation,LoadIC,6,0xd2515a0,93,"enumerable"
code-creation,LoadIC,6,0xd251600,93,"isEnumerable"
code-creation,LoadPolymorphicIC,6,0xd251660,105,"enumerable"
code-creation,LoadPolymorphicIC,6,0xd2516e0,117,"configurable"
code-creation,LoadIC,6,0xd251760,93,"hasSetter"
code-creation,LazyCompile,0,0xd2517c0,664,"SameValue native runtime.js:368:19",0xce10f98,~
code-creation,Stub,12,0xd251a60,477,"CompareICStub"
code-creation,LazyCompile,0,0xd251c40,144,"$Array.configurable_ native v8natives.js:373:22",0xce15270,~
code-creation,LoadIC,6,0xd251ce0,93,"writable_"
code-creation,LazyCompile,0,0xd251d40,144,"$Array.enumerable_ native v8natives.js:353:20",0xce15030,~
code-creation,LoadIC,6,0xd251de0,93,"value_"
code-creation,LoadIC,6,0xd251e40,93,"setValue"
code-creation,LoadIC,6,0xd251ea0,93,"value"
code-creation,LoadIC,6,0xd251f00,93,"setWritable"
code-creation,LoadIC,6,0xd251f60,93,"writable"
code-creation,LoadIC,6,0xd251fc0,93,"hasEnumerable"
code-creation,Stub,3,0xd252020,73,"SameValue"
code-creation,LoadIC,6,0xd252080,93,"SameValue"
code-creation,LoadIC,6,0xd2520e0,93,"isEnumerable"
code-creation,LoadIC,6,0xd252140,93,"isEnumerable"
code-creation,LoadIC,6,0xd2521a0,93,"hasConfigurable"
code-creation,LoadIC,6,0xd252200,93,"isConfigurable"
code-creation,LoadIC,6,0xd252260,93,"isConfigurable"
code-creation,LoadIC,6,0xd2522c0,93,"hasWritable"
code-creation,Stub,3,0xd252320,88,"LoadConstantStub"
code-creation,Stub,3,0xd252380,100,"isWritable"
code-creation,LoadIC,6,0xd252400,93,"isWritable"
code-creation,LoadIC,6,0xd252460,93,"isWritable"
code-creation,LoadIC,6,0xd2524c0,93,"hasValue"
code-creation,Stub,3,0xd252520,88,"LoadConstantStub"
code-creation,Stub,3,0xd252580,100,"getValue"
code-creation,LoadIC,6,0xd252600,93,"getValue"
code-creation,LoadIC,6,0xd252660,93,"getValue"
code-creation,LoadIC,6,0xd2526c0,93,"hasWritable"
code-creation,LoadIC,6,0xd252720,93,"isWritable"
code-creation,LoadIC,6,0xd252780,93,"hasValue"
code-creation,LoadIC,6,0xd2527e0,93,"getValue"
code-creation,LoadPolymorphicIC,6,0xd252840,117,"enumerable"
code-creation,LoadPolymorphicIC,6,0xd2528c0,105,"value"
